app/build/outputs/logs/manifest-merger-debug-report.txt
-- Merging decision tree log ---
manifest
ADDED from src\main\AndroidManifest.xml:2:1-29:12
	package
		ADDED from src\main\AndroidManifest.xml:3:5-38
		INJECTED from src\main\AndroidManifest.xml
		INJECTED from src\main\AndroidManifest.xml
	android:versionName
		INJECTED from src\main\AndroidManifest.xml
		INJECTED from src\main\AndroidManifest.xml
	xmlns:android
		ADDED from src\main\AndroidManifest.xml:2:11-69
	android:versionCode
		INJECTED from src\main\AndroidManifest.xml
		INJECTED from src\main\AndroidManifest.xml
uses-permission#android.permission.INTERNET
ADDED from src\main\AndroidManifest.xml:5:5-67
MERGED from [com.google.firebase:firebase-analytics:11.4.2] AndroidManifest.xml:20:5-66
MERGED from [com.google.firebase:firebase-analytics-impl:11.4.2] AndroidManifest.xml:20:5-66
MERGED from [com.google.firebase:firebase-iid:11.4.2] AndroidManifest.xml:20:5-66
MERGED from [com.firebaseui:firebase-ui:0.6.2] AndroidManifest.xml:11:5-67
MERGED from [com.firebaseui:firebase-ui-database:0.6.2] AndroidManifest.xml:11:5-67
	android:name
		ADDED from src\main\AndroidManifest.xml:5:22-64
application
ADDED from src\main\AndroidManifest.xml:7:5-27:19
MERGED from [com.android.support.constraint:constraint-layout:1.0.2] AndroidManifest.xml:9:5-20
MERGED from [com.github.clans:fab:1.6.4] AndroidManifest.xml:12:5-20
MERGED from [com.google.firebase:firebase-core:11.4.2] AndroidManifest.xml:5:5-20
MERGED from [com.google.firebase:firebase-analytics:11.4.2] AndroidManifest.xml:24:5-34:19
MERGED from [com.google.firebase:firebase-analytics-impl:11.4.2] AndroidManifest.xml:24:5-28:19
MERGED from [com.google.firebase:firebase-iid:11.4.2] AndroidManifest.xml:28:5-49:19
MERGED from [com.google.firebase:firebase-iid-license:11.4.2] AndroidManifest.xml:5:5-20
MERGED from [com.google.firebase:firebase-analytics-impl-license:11.4.2] AndroidManifest.xml:5:5-20
MERGED from [com.google.firebase:firebase-analytics-license:11.4.2] AndroidManifest.xml:5:5-20
MERGED from [com.android.volley:volley:1.0.0] AndroidManifest.xml:9:5-20
MERGED from [com.firebaseui:firebase-ui-database:0.6.2] AndroidManifest.xml:13:5-17:19
MERGED from [com.google.firebase:firebase-database-connection-license:11.4.2] AndroidManifest.xml:5:5-20
MERGED from [com.google.firebase:firebase-database-license:11.4.2] AndroidManifest.xml:5:5-20
MERGED from [com.firebaseui:firebase-ui-auth:0.6.2] AndroidManifest.xml:12:5-83:19
MERGED from [com.facebook.android:facebook-android-sdk:4.14.1] AndroidManifest.xml:28:5-37:19
MERGED from [com.android.support:customtabs:23.4.0] AndroidManifest.xml:22:5-20
MERGED from [com.android.support:cardview-v7:25.3.1] AndroidManifest.xml:26:5-20
MERGED from [com.android.support:design:25.3.1] AndroidManifest.xml:29:5-20
MERGED from [com.android.support:transition:25.3.1] AndroidManifest.xml:26:5-20
MERGED from [com.google.firebase:firebase-auth:11.4.2] AndroidManifest.xml:19:5-20:19
MERGED from [com.google.firebase:firebase-auth-license:11.4.2] AndroidManifest.xml:5:5-20
MERGED from [com.google.android.gms:play-services-auth:9.8.0] AndroidManifest.xml:19:5-25:19
MERGED from [com.google.android.gms:play-services-base:11.4.2] AndroidManifest.xml:18:5-20:19
MERGED from [com.google.android.gms:play-services-base-license:11.4.2] AndroidManifest.xml:5:5-20
MERGED from [com.android.support:appcompat-v7:25.3.1] AndroidManifest.xml:29:5-20
MERGED from [com.android.support:animated-vector-drawable:25.3.1] AndroidManifest.xml:26:5-20
MERGED from [com.android.support:support-vector-drawable:25.3.1] AndroidManifest.xml:26:5-20
MERGED from [com.android.support:palette-v7:25.0.0] AndroidManifest.xml:22:5-23:19
MERGED from [com.google.firebase:firebase-common:11.4.2] AndroidManifest.xml:4:5-7:19
MERGED from [com.google.firebase:firebase-common-license:11.4.2] AndroidManifest.xml:5:5-20
MERGED from [com.google.android.gms:play-services-tasks:11.4.2] AndroidManifest.xml:4:5-19
MERGED from [com.google.android.gms:play-services-basement:11.4.2] AndroidManifest.xml:19:5-21:19
MERGED from [com.android.support:support-v4:25.3.1] AndroidManifest.xml:29:5-20
MERGED from [com.android.support:support-fragment:25.3.1] AndroidManifest.xml:29:5-20
MERGED from [com.android.support:support-media-compat:25.3.1] AndroidManifest.xml:29:5-20
MERGED from [com.android.support:support-core-ui:25.3.1] AndroidManifest.xml:29:5-20
MERGED from [com.android.support:support-core-utils:25.3.1] AndroidManifest.xml:29:5-20
MERGED from [com.android.support:support-compat:25.3.1] AndroidManifest.xml:29:5-20
MERGED from [com.google.android.gms:play-services-basement-license:11.4.2] AndroidManifest.xml:5:5-20
MERGED from [com.google.android.gms:play-services-tasks-license:11.4.2] AndroidManifest.xml:5:5-20
	android:label
		ADDED from src\main\AndroidManifest.xml:10:9-41
	android:supportsRtl
		ADDED from src\main\AndroidManifest.xml:12:9-35
	android:roundIcon
		ADDED from src\main\AndroidManifest.xml:11:9-54
	android:allowBackup
		ADDED from src\main\AndroidManifest.xml:8:9-35
	android:icon
		ADDED from src\main\AndroidManifest.xml:9:9-43
	android:theme
		ADDED from src\main\AndroidManifest.xml:13:9-40
activity#com.coc.deep.anytimepay.MainActivity
ADDED from src\main\AndroidManifest.xml:14:9-20:20
	android:name
		ADDED from src\main\AndroidManifest.xml:14:19-47
intent-filter#android.intent.action.MAIN+android.intent.category.LAUNCHER
ADDED from src\main\AndroidManifest.xml:15:13-19:29
action#android.intent.action.MAIN
ADDED from src\main\AndroidManifest.xml:16:17-69
	android:name
		ADDED from src\main\AndroidManifest.xml:16:25-66
category#android.intent.category.LAUNCHER
ADDED from src\main\AndroidManifest.xml:18:17-77
	android:name
		ADDED from src\main\AndroidManifest.xml:18:27-74
activity#com.coc.deep.anytimepay.Login
ADDED from src\main\AndroidManifest.xml:21:9-43
	android:name
		ADDED from src\main\AndroidManifest.xml:21:19-40
activity#com.coc.deep.anytimepay.Homepage
ADDED from src\main\AndroidManifest.xml:22:9-46
	android:name
		ADDED from src\main\AndroidManifest.xml:22:19-43
activity#com.coc.deep.anytimepay.ChatApp
ADDED from src\main\AndroidManifest.xml:23:9-45
	android:name
		ADDED from src\main\AndroidManifest.xml:23:19-42
activity#com.coc.deep.anytimepay.SignUp
ADDED from src\main\AndroidManifest.xml:24:9-44
	android:name
		ADDED from src\main\AndroidManifest.xml:24:19-41
activity#com.coc.deep.anytimepay.Command
ADDED from src\main\AndroidManifest.xml:25:9-45
	android:name
		ADDED from src\main\AndroidManifest.xml:25:19-42
activity#com.coc.deep.anytimepay.FAQ
ADDED from src\main\AndroidManifest.xml:26:9-50
	android:name
		ADDED from src\main\AndroidManifest.xml:26:19-38
uses-sdk
INJECTED from src\main\AndroidManifest.xml reason: use-sdk injection requested
MERGED from [com.android.support.constraint:constraint-layout:1.0.2] AndroidManifest.xml:5:5-7:41
MERGED from [com.github.clans:fab:1.6.4] AndroidManifest.xml:8:5-10:41
MERGED from [com.google.firebase:firebase-core:11.4.2] AndroidManifest.xml:4:5-43
MERGED from [com.google.firebase:firebase-analytics:11.4.2] AndroidManifest.xml:17:5-43
MERGED from [com.google.firebase:firebase-analytics-impl:11.4.2] AndroidManifest.xml:17:5-43
MERGED from [com.google.firebase:firebase-iid:11.4.2] AndroidManifest.xml:17:5-43
MERGED from [com.google.firebase:firebase-iid-license:11.4.2] AndroidManifest.xml:4:5-43
MERGED from [com.google.firebase:firebase-analytics-impl-license:11.4.2] AndroidManifest.xml:4:5-43
MERGED from [com.google.firebase:firebase-analytics-license:11.4.2] AndroidManifest.xml:4:5-43
MERGED from [com.android.volley:volley:1.0.0] AndroidManifest.xml:7:5-43
MERGED from [com.firebaseui:firebase-ui:0.6.2] AndroidManifest.xml:7:5-9:41
MERGED from [com.firebaseui:firebase-ui-database:0.6.2] AndroidManifest.xml:7:5-9:41
MERGED from [com.google.firebase:firebase-database:11.4.2] AndroidManifest.xml:3:5-43
MERGED from [com.google.firebase:firebase-database-connection:11.4.2] AndroidManifest.xml:3:5-43
MERGED from [com.google.firebase:firebase-database-connection-license:11.4.2] AndroidManifest.xml:4:5-43
MERGED from [com.google.firebase:firebase-database-license:11.4.2] AndroidManifest.xml:4:5-43
MERGED from [com.firebaseui:firebase-ui-auth:0.6.2] AndroidManifest.xml:8:5-10:41
MERGED from [com.facebook.android:facebook-android-sdk:4.14.1] AndroidManifest.xml:24:5-26:41
MERGED from [com.android.support:customtabs:23.4.0] AndroidManifest.xml:20:5-44
MERGED from [com.android.support:cardview-v7:25.3.1] AndroidManifest.xml:20:5-43
MERGED from [com.android.support:design:25.3.1] AndroidManifest.xml:21:5-23:62
MERGED from [com.android.support:recyclerview-v7:25.3.1] AndroidManifest.xml:20:5-43
MERGED from [com.android.support:transition:25.3.1] AndroidManifest.xml:20:5-44
MERGED from [com.google.firebase:firebase-auth:11.4.2] AndroidManifest.xml:17:5-43
MERGED from [com.google.firebase:firebase-auth-license:11.4.2] AndroidManifest.xml:4:5-43
MERGED from [com.google.android.gms:play-services-auth:9.8.0] AndroidManifest.xml:17:5-42
MERGED from [com.google.android.gms:play-services-auth-base:9.8.0] AndroidManifest.xml:4:5-42
MERGED from [com.google.android.gms:play-services-base:11.4.2] AndroidManifest.xml:17:5-43
MERGED from [com.google.android.gms:play-services-base-license:11.4.2] AndroidManifest.xml:4:5-43
MERGED from [com.firebaseui:firebase-ui-storage:0.6.2] AndroidManifest.xml:7:5-9:41
MERGED from [com.android.support:appcompat-v7:25.3.1] AndroidManifest.xml:21:5-23:78
MERGED from [com.android.support:animated-vector-drawable:25.3.1] AndroidManifest.xml:20:5-44
MERGED from [com.android.support:support-vector-drawable:25.3.1] AndroidManifest.xml:20:5-43
MERGED from [com.android.support:palette-v7:25.0.0] AndroidManifest.xml:20:5-43
MERGED from [com.google.firebase:firebase-storage:9.8.0] AndroidManifest.xml:3:5-42
MERGED from [com.google.firebase:firebase-storage-common:9.8.0] AndroidManifest.xml:3:5-42
MERGED from [com.google.firebase:firebase-common:11.4.2] AndroidManifest.xml:3:5-43
MERGED from [com.google.firebase:firebase-common-license:11.4.2] AndroidManifest.xml:4:5-43
MERGED from [com.google.android.gms:play-services-tasks:11.4.2] AndroidManifest.xml:3:5-43
MERGED from [com.google.android.gms:play-services-basement:11.4.2] AndroidManifest.xml:17:5-43
MERGED from [com.android.support:support-v4:25.3.1] AndroidManifest.xml:21:5-23:54
MERGED from [com.android.support:support-fragment:25.3.1] AndroidManifest.xml:21:5-23:60
MERGED from [com.android.support:support-media-compat:25.3.1] AndroidManifest.xml:21:5-23:63
MERGED from [com.android.support:support-core-ui:25.3.1] AndroidManifest.xml:21:5-23:58
MERGED from [com.android.support:support-core-utils:25.3.1] AndroidManifest.xml:21:5-23:61
MERGED from [com.android.support:support-compat:25.3.1] AndroidManifest.xml:21:5-23:58
MERGED from [com.google.android.gms:play-services-basement-license:11.4.2] AndroidManifest.xml:4:5-43
MERGED from [com.google.android.gms:play-services-tasks-license:11.4.2] AndroidManifest.xml:4:5-43
	tools:overrideLibrary
		ADDED from [com.android.support:design:25.3.1] AndroidManifest.xml:23:9-59
	android:targetSdkVersion
		INJECTED from src\main\AndroidManifest.xml
		INJECTED from src\main\AndroidManifest.xml
	android:minSdkVersion
		INJECTED from src\main\AndroidManifest.xml
		INJECTED from src\main\AndroidManifest.xml
uses-permission#android.permission.ACCESS_NETWORK_STATE
ADDED from [com.google.firebase:firebase-analytics:11.4.2] AndroidManifest.xml:21:5-78
MERGED from [com.google.firebase:firebase-analytics-impl:11.4.2] AndroidManifest.xml:21:5-78
MERGED from [com.google.firebase:firebase-iid:11.4.2] AndroidManifest.xml:19:5-78
	android:name
		ADDED from [com.google.firebase:firebase-analytics:11.4.2] AndroidManifest.xml:21:22-76
uses-permission#android.permission.WAKE_LOCK
ADDED from [com.google.firebase:firebase-analytics:11.4.2] AndroidManifest.xml:22:5-67
MERGED from [com.google.firebase:firebase-analytics-impl:11.4.2] AndroidManifest.xml:22:5-67
MERGED from [com.google.firebase:firebase-iid:11.4.2] AndroidManifest.xml:21:5-67
	android:name
		ADDED from [com.google.firebase:firebase-analytics:11.4.2] AndroidManifest.xml:22:22-65
receiver#com.google.android.gms.measurement.AppMeasurementReceiver
ADDED from [com.google.firebase:firebase-analytics:11.4.2] AndroidManifest.xml:25:7-26:18
MERGED from [com.google.firebase:firebase-analytics-impl:11.4.2] AndroidManifest.xml:25:7-26:18
	android:enabled
		ADDED from [com.google.firebase:firebase-analytics:11.4.2] AndroidManifest.xml:25:90-112
	android:exported
		ADDED from [com.google.firebase:firebase-analytics:11.4.2] AndroidManifest.xml:25:113-137
	android:name
		ADDED from [com.google.firebase:firebase-analytics:11.4.2] AndroidManifest.xml:25:17-89
receiver#com.google.android.gms.measurement.AppMeasurementInstallReferrerReceiver
ADDED from [com.google.firebase:firebase-analytics:11.4.2] AndroidManifest.xml:27:7-31:18
	android:enabled
		ADDED from [com.google.firebase:firebase-analytics:11.4.2] AndroidManifest.xml:27:162-184
	android:exported
		ADDED from [com.google.firebase:firebase-analytics:11.4.2] AndroidManifest.xml:27:185-208
	android:permission
		ADDED from [com.google.firebase:firebase-analytics:11.4.2] AndroidManifest.xml:27:105-161
	android:name
		ADDED from [com.google.firebase:firebase-analytics:11.4.2] AndroidManifest.xml:27:17-104
intent-filter#com.android.vending.INSTALL_REFERRER
ADDED from [com.google.firebase:firebase-analytics:11.4.2] AndroidManifest.xml:28:11-30:27
action#com.android.vending.INSTALL_REFERRER
ADDED from [com.google.firebase:firebase-analytics:11.4.2] AndroidManifest.xml:29:15-76
	android:name
		ADDED from [com.google.firebase:firebase-analytics:11.4.2] AndroidManifest.xml:29:23-74
service#com.google.android.gms.measurement.AppMeasurementService
ADDED from [com.google.firebase:firebase-analytics:11.4.2] AndroidManifest.xml:32:7-137
MERGED from [com.google.firebase:firebase-analytics-impl:11.4.2] AndroidManifest.xml:27:7-137
	android:enabled
		ADDED from [com.google.firebase:firebase-analytics:11.4.2] AndroidManifest.xml:32:88-110
	android:exported
		ADDED from [com.google.firebase:firebase-analytics:11.4.2] AndroidManifest.xml:32:111-135
	android:name
		ADDED from [com.google.firebase:firebase-analytics:11.4.2] AndroidManifest.xml:32:16-87
service#com.google.android.gms.measurement.AppMeasurementJobService
ADDED from [com.google.firebase:firebase-analytics:11.4.2] AndroidManifest.xml:33:7-197
	android:enabled
		ADDED from [com.google.firebase:firebase-analytics:11.4.2] AndroidManifest.xml:33:148-170
	android:exported
		ADDED from [com.google.firebase:firebase-analytics:11.4.2] AndroidManifest.xml:33:171-195
	android:permission
		ADDED from [com.google.firebase:firebase-analytics:11.4.2] AndroidManifest.xml:33:91-147
	android:name
		ADDED from [com.google.firebase:firebase-analytics:11.4.2] AndroidManifest.xml:33:16-90
uses-permission#com.google.android.c2dm.permission.RECEIVE
ADDED from [com.google.firebase:firebase-iid:11.4.2] AndroidManifest.xml:22:5-81
	android:name
		ADDED from [com.google.firebase:firebase-iid:11.4.2] AndroidManifest.xml:22:22-79
permission#${applicationId}.permission.C2D_MESSAGE
ADDED from [com.google.firebase:firebase-iid:11.4.2] AndroidManifest.xml:24:5-109
	android:protectionLevel
		ADDED from [com.google.firebase:firebase-iid:11.4.2] AndroidManifest.xml:24:72-107
	android:name
		ADDED from [com.google.firebase:firebase-iid:11.4.2] AndroidManifest.xml:24:17-71
uses-permission#${applicationId}.permission.C2D_MESSAGE
ADDED from [com.google.firebase:firebase-iid:11.4.2] AndroidManifest.xml:26:5-78
	android:name
		ADDED from [com.google.firebase:firebase-iid:11.4.2] AndroidManifest.xml:26:22-76
receiver#com.google.firebase.iid.FirebaseInstanceIdReceiver
ADDED from [com.google.firebase:firebase-iid:11.4.2] AndroidManifest.xml:30:9-35:20
	android:exported
		ADDED from [com.google.firebase:firebase-iid:11.4.2] AndroidManifest.xml:30:85-108
	android:permission
		ADDED from [com.google.firebase:firebase-iid:11.4.2] AndroidManifest.xml:30:109-169
	android:name
		ADDED from [com.google.firebase:firebase-iid:11.4.2] AndroidManifest.xml:30:19-84
intent-filter#${applicationId}+com.google.android.c2dm.intent.RECEIVE
ADDED from [com.google.firebase:firebase-iid:11.4.2] AndroidManifest.xml:31:13-34:29
action#com.google.android.c2dm.intent.RECEIVE
ADDED from [com.google.firebase:firebase-iid:11.4.2] AndroidManifest.xml:32:17-80
	android:name
		ADDED from [com.google.firebase:firebase-iid:11.4.2] AndroidManifest.xml:32:25-78
category#${applicationId}
ADDED from [com.google.firebase:firebase-iid:11.4.2] AndroidManifest.xml:33:17-60
	android:name
		ADDED from [com.google.firebase:firebase-iid:11.4.2] AndroidManifest.xml:33:27-58
receiver#com.google.firebase.iid.FirebaseInstanceIdInternalReceiver
ADDED from [com.google.firebase:firebase-iid:11.4.2] AndroidManifest.xml:39:9-119
	android:exported
		ADDED from [com.google.firebase:firebase-iid:11.4.2] AndroidManifest.xml:39:93-117
	android:name
		ADDED from [com.google.firebase:firebase-iid:11.4.2] AndroidManifest.xml:39:19-92
service#com.google.firebase.iid.FirebaseInstanceIdService
ADDED from [com.google.firebase:firebase-iid:11.4.2] AndroidManifest.xml:43:9-47:19
	android:exported
		ADDED from [com.google.firebase:firebase-iid:11.4.2] AndroidManifest.xml:43:83-106
	android:name
		ADDED from [com.google.firebase:firebase-iid:11.4.2] AndroidManifest.xml:43:18-82
intent-filter#com.google.firebase.INSTANCE_ID_EVENT
ADDED from [com.google.firebase:firebase-iid:11.4.2] AndroidManifest.xml:44:13-46:29
	android:priority
		ADDED from [com.google.firebase:firebase-iid:11.4.2] AndroidManifest.xml:44:28-51
action#com.google.firebase.INSTANCE_ID_EVENT
ADDED from [com.google.firebase:firebase-iid:11.4.2] AndroidManifest.xml:45:17-79
	android:name
		ADDED from [com.google.firebase:firebase-iid:11.4.2] AndroidManifest.xml:45:25-77
meta-data#com.google.android.gms.version
ADDED from [com.firebaseui:firebase-ui-database:0.6.2] AndroidManifest.xml:14:9-16:69
MERGED from [com.firebaseui:firebase-ui-auth:0.6.2] AndroidManifest.xml:13:9-15:69
MERGED from [com.google.android.gms:play-services-basement:11.4.2] AndroidManifest.xml:20:9-121
	android:value
		ADDED from [com.firebaseui:firebase-ui-database:0.6.2] AndroidManifest.xml:16:13-66
	android:name
		ADDED from [com.firebaseui:firebase-ui-database:0.6.2] AndroidManifest.xml:15:13-58
activity#com.firebase.ui.auth.ui.email.ConfirmRecoverPasswordActivity
ADDED from [com.firebaseui:firebase-ui-auth:0.6.2] AndroidManifest.xml:17:9-20:56
	android:label
		ADDED from [com.firebaseui:firebase-ui-auth:0.6.2] AndroidManifest.xml:19:13-76
	android:theme
		ADDED from [com.firebaseui:firebase-ui-auth:0.6.2] AndroidManifest.xml:20:13-53
	android:name
		ADDED from [com.firebaseui:firebase-ui-auth:0.6.2] AndroidManifest.xml:18:13-88
activity#com.firebase.ui.auth.ui.email.EmailHintContainerActivity
ADDED from [com.firebaseui:firebase-ui-auth:0.6.2] AndroidManifest.xml:21:9-24:61
	android:label
		ADDED from [com.firebaseui:firebase-ui-auth:0.6.2] AndroidManifest.xml:23:13-58
	android:theme
		ADDED from [com.firebaseui:firebase-ui-auth:0.6.2] AndroidManifest.xml:24:13-58
	android:name
		ADDED from [com.firebaseui:firebase-ui-auth:0.6.2] AndroidManifest.xml:22:13-84
activity#com.firebase.ui.auth.ui.email.RecoverPasswordActivity
ADDED from [com.firebaseui:firebase-ui-auth:0.6.2] AndroidManifest.xml:25:9-28:49
	android:label
		ADDED from [com.firebaseui:firebase-ui-auth:0.6.2] AndroidManifest.xml:27:13-68
	android:theme
		ADDED from [com.firebaseui:firebase-ui-auth:0.6.2] AndroidManifest.xml:28:13-46
	android:name
		ADDED from [com.firebaseui:firebase-ui-auth:0.6.2] AndroidManifest.xml:26:13-81
activity#com.firebase.ui.auth.ui.email.RegisterEmailActivity
ADDED from [com.firebaseui:firebase-ui-auth:0.6.2] AndroidManifest.xml:29:9-32:49
	android:label
		ADDED from [com.firebaseui:firebase-ui-auth:0.6.2] AndroidManifest.xml:31:13-66
	android:theme
		ADDED from [com.firebaseui:firebase-ui-auth:0.6.2] AndroidManifest.xml:32:13-46
	android:name
		ADDED from [com.firebaseui:firebase-ui-auth:0.6.2] AndroidManifest.xml:30:13-79
activity#com.firebase.ui.auth.ui.email.SignInNoPasswordActivity
ADDED from [com.firebaseui:firebase-ui-auth:0.6.2] AndroidManifest.xml:33:9-36:49
	android:label
		ADDED from [com.firebaseui:firebase-ui-auth:0.6.2] AndroidManifest.xml:35:13-71
	android:theme
		ADDED from [com.firebaseui:firebase-ui-auth:0.6.2] AndroidManifest.xml:36:13-46
	android:name
		ADDED from [com.firebaseui:firebase-ui-auth:0.6.2] AndroidManifest.xml:34:13-82
activity#com.firebase.ui.auth.ui.email.SignInActivity
ADDED from [com.firebaseui:firebase-ui-auth:0.6.2] AndroidManifest.xml:37:9-40:49
	android:label
		ADDED from [com.firebaseui:firebase-ui-auth:0.6.2] AndroidManifest.xml:39:13-59
	android:theme
		ADDED from [com.firebaseui:firebase-ui-auth:0.6.2] AndroidManifest.xml:40:13-46
	android:name
		ADDED from [com.firebaseui:firebase-ui-auth:0.6.2] AndroidManifest.xml:38:13-72
activity#com.firebase.ui.auth.ui.account_link.SaveCredentialsActivity
ADDED from [com.firebaseui:firebase-ui-auth:0.6.2] AndroidManifest.xml:41:9-44:61
	android:label
		ADDED from [com.firebaseui:firebase-ui-auth:0.6.2] AndroidManifest.xml:43:13-58
	android:theme
		ADDED from [com.firebaseui:firebase-ui-auth:0.6.2] AndroidManifest.xml:44:13-58
	android:name
		ADDED from [com.firebaseui:firebase-ui-auth:0.6.2] AndroidManifest.xml:42:13-88
activity#com.firebase.ui.auth.ui.account_link.WelcomeBackIDPPrompt
ADDED from [com.firebaseui:firebase-ui-auth:0.6.2] AndroidManifest.xml:45:9-48:49
	android:label
		ADDED from [com.firebaseui:firebase-ui-auth:0.6.2] AndroidManifest.xml:47:13-66
	android:theme
		ADDED from [com.firebaseui:firebase-ui-auth:0.6.2] AndroidManifest.xml:48:13-46
	android:name
		ADDED from [com.firebaseui:firebase-ui-auth:0.6.2] AndroidManifest.xml:46:13-85
activity#com.firebase.ui.auth.ui.account_link.WelcomeBackPasswordPrompt
ADDED from [com.firebaseui:firebase-ui-auth:0.6.2] AndroidManifest.xml:49:9-52:49
	android:label
		ADDED from [com.firebaseui:firebase-ui-auth:0.6.2] AndroidManifest.xml:51:13-71
	android:theme
		ADDED from [com.firebaseui:firebase-ui-auth:0.6.2] AndroidManifest.xml:52:13-46
	android:name
		ADDED from [com.firebaseui:firebase-ui-auth:0.6.2] AndroidManifest.xml:50:13-90
activity#com.firebase.ui.auth.ui.idp.AuthMethodPickerActivity
ADDED from [com.firebaseui:firebase-ui-auth:0.6.2] AndroidManifest.xml:53:9-56:49
	android:label
		ADDED from [com.firebaseui:firebase-ui-auth:0.6.2] AndroidManifest.xml:55:13-58
	android:theme
		ADDED from [com.firebaseui:firebase-ui-auth:0.6.2] AndroidManifest.xml:56:13-46
	android:name
		ADDED from [com.firebaseui:firebase-ui-auth:0.6.2] AndroidManifest.xml:54:13-80
activity#com.firebase.ui.auth.ui.idp.IDPSignInContainerActivity
ADDED from [com.firebaseui:firebase-ui-auth:0.6.2] AndroidManifest.xml:57:9-60:61
	android:label
		ADDED from [com.firebaseui:firebase-ui-auth:0.6.2] AndroidManifest.xml:59:13-58
	android:theme
		ADDED from [com.firebaseui:firebase-ui-auth:0.6.2] AndroidManifest.xml:60:13-58
	android:name
		ADDED from [com.firebaseui:firebase-ui-auth:0.6.2] AndroidManifest.xml:58:13-82
activity#com.firebase.ui.auth.ui.ChooseAccountActivity
ADDED from [com.firebaseui:firebase-ui-auth:0.6.2] AndroidManifest.xml:61:9-64:61
	android:label
		ADDED from [com.firebaseui:firebase-ui-auth:0.6.2] AndroidManifest.xml:63:13-58
	android:theme
		ADDED from [com.firebaseui:firebase-ui-auth:0.6.2] AndroidManifest.xml:64:13-58
	android:name
		ADDED from [com.firebaseui:firebase-ui-auth:0.6.2] AndroidManifest.xml:62:13-73
activity#com.facebook.FacebookActivity
ADDED from [com.firebaseui:firebase-ui-auth:0.6.2] AndroidManifest.xml:65:9-70:45
MERGED from [com.facebook.android:facebook-android-sdk:4.14.1] AndroidManifest.xml:29:9-32:75
	android:label
		ADDED from [com.firebaseui:firebase-ui-auth:0.6.2] AndroidManifest.xml:68:13-45
	android:configChanges
		ADDED from [com.firebaseui:firebase-ui-auth:0.6.2] AndroidManifest.xml:67:13-96
	android:theme
		ADDED from [com.firebaseui:firebase-ui-auth:0.6.2] AndroidManifest.xml:69:13-58
		REJECTED from [com.facebook.android:facebook-android-sdk:4.14.1] AndroidManifest.xml:32:13-72
	tools:replace
		ADDED from [com.firebaseui:firebase-ui-auth:0.6.2] AndroidManifest.xml:70:13-42
	android:name
		ADDED from [com.firebaseui:firebase-ui-auth:0.6.2] AndroidManifest.xml:66:13-57
activity#com.facebook.CustomTabActivity
ADDED from [com.firebaseui:firebase-ui-auth:0.6.2] AndroidManifest.xml:71:9-82:20
MERGED from [com.facebook.android:facebook-android-sdk:4.14.1] AndroidManifest.xml:33:9-36:20
	android:exported
		ADDED from [com.firebaseui:firebase-ui-auth:0.6.2] AndroidManifest.xml:73:13-36
	android:name
		ADDED from [com.firebaseui:firebase-ui-auth:0.6.2] AndroidManifest.xml:72:13-58
intent-filter#android.intent.action.VIEW+android.intent.category.BROWSABLE+android.intent.category.DEFAULT
ADDED from [com.firebaseui:firebase-ui-auth:0.6.2] AndroidManifest.xml:74:13-81:29
action#android.intent.action.VIEW
ADDED from [com.firebaseui:firebase-ui-auth:0.6.2] AndroidManifest.xml:75:17-69
	android:name
		ADDED from [com.firebaseui:firebase-ui-auth:0.6.2] AndroidManifest.xml:75:25-66
category#android.intent.category.DEFAULT
ADDED from [com.firebaseui:firebase-ui-auth:0.6.2] AndroidManifest.xml:77:17-76
	android:name
		ADDED from [com.firebaseui:firebase-ui-auth:0.6.2] AndroidManifest.xml:77:27-73
category#android.intent.category.BROWSABLE
ADDED from [com.firebaseui:firebase-ui-auth:0.6.2] AndroidManifest.xml:78:17-78
	android:name
		ADDED from [com.firebaseui:firebase-ui-auth:0.6.2] AndroidManifest.xml:78:27-75
data
ADDED from [com.firebaseui:firebase-ui-auth:0.6.2] AndroidManifest.xml:80:17-81
	android:scheme
		ADDED from [com.firebaseui:firebase-ui-auth:0.6.2] AndroidManifest.xml:80:23-78
meta-data#android.support.VERSION
ADDED from [com.android.support:cardview-v7:25.3.1] AndroidManifest.xml:22:5-24:34
MERGED from [com.android.support:design:25.3.1] AndroidManifest.xml:25:5-27:34
MERGED from [com.android.support:recyclerview-v7:25.3.1] AndroidManifest.xml:22:5-24:34
MERGED from [com.android.support:transition:25.3.1] AndroidManifest.xml:22:5-24:34
MERGED from [com.android.support:appcompat-v7:25.3.1] AndroidManifest.xml:25:5-27:34
MERGED from [com.android.support:animated-vector-drawable:25.3.1] AndroidManifest.xml:22:5-24:34
MERGED from [com.android.support:support-vector-drawable:25.3.1] AndroidManifest.xml:22:5-24:34
MERGED from [com.android.support:support-v4:25.3.1] AndroidManifest.xml:25:5-27:34
MERGED from [com.android.support:support-fragment:25.3.1] AndroidManifest.xml:25:5-27:34
MERGED from [com.android.support:support-media-compat:25.3.1] AndroidManifest.xml:25:5-27:34
MERGED from [com.android.support:support-core-ui:25.3.1] AndroidManifest.xml:25:5-27:34
MERGED from [com.android.support:support-core-utils:25.3.1] AndroidManifest.xml:25:5-27:34
MERGED from [com.android.support:support-compat:25.3.1] AndroidManifest.xml:25:5-27:34
	android:value
		ADDED from [com.android.support:cardview-v7:25.3.1] AndroidManifest.xml:24:9-31
	android:name
		ADDED from [com.android.support:cardview-v7:25.3.1] AndroidManifest.xml:23:9-47
activity#com.google.android.gms.auth.api.signin.internal.SignInHubActivity
ADDED from [com.google.android.gms:play-services-auth:9.8.0] AndroidManifest.xml:20:9-189
	android:excludeFromRecents
		ADDED from [com.google.android.gms:play-services-auth:9.8.0] AndroidManifest.xml:20:129-162
	android:exported
		ADDED from [com.google.android.gms:play-services-auth:9.8.0] AndroidManifest.xml:20:163-187
	android:theme
		ADDED from [com.google.android.gms:play-services-auth:9.8.0] AndroidManifest.xml:20:69-128
	android:name
		ADDED from [com.google.android.gms:play-services-auth:9.8.0] AndroidManifest.xml:20:19-68
service#com.google.android.gms.auth.api.signin.RevocationBoundService
ADDED from [com.google.android.gms:play-services-auth:9.8.0] AndroidManifest.xml:24:9-184
	android:exported
		ADDED from [com.google.android.gms:play-services-auth:9.8.0] AndroidManifest.xml:24:64-87
	android:permission
		ADDED from [com.google.android.gms:play-services-auth:9.8.0] AndroidManifest.xml:24:88-182
	android:name
		ADDED from [com.google.android.gms:play-services-auth:9.8.0] AndroidManifest.xml:24:18-63
activity#com.google.android.gms.common.api.GoogleApiActivity
ADDED from [com.google.android.gms:play-services-base:11.4.2] AndroidManifest.xml:19:9-172
	android:exported
		ADDED from [com.google.android.gms:play-services-base:11.4.2] AndroidManifest.xml:19:146-170
	android:theme
		ADDED from [com.google.android.gms:play-services-base:11.4.2] AndroidManifest.xml:19:86-145
	android:name
		ADDED from [com.google.android.gms:play-services-base:11.4.2] AndroidManifest.xml:19:19-85
provider#com.google.firebase.provider.FirebaseInitProvider
ADDED from [com.google.firebase:firebase-common:11.4.2] AndroidManifest.xml:6:9-194
	android:authorities
		ADDED from [com.google.firebase:firebase-common:11.4.2] AndroidManifest.xml:6:19-78
	android:exported
		ADDED from [com.google.firebase:firebase-common:11.4.2] AndroidManifest.xml:6:144-168
	android:initOrder
		ADDED from [com.google.firebase:firebase-common:11.4.2] AndroidManifest.xml:6:169-192
	android:name
		ADDED from [com.google.firebase:firebase-common:11.4.2] AndroidManifest.xml:6:79-143